d:\first\kp\mvs-2017\lplab16\debug\mvs-2017.pch
d:\first\kp\mvs-2017\lplab16\debug\vc141.pdb
d:\first\kp\mvs-2017\lplab16\debug\vc141.idb
d:\first\kp\mvs-2017\lplab16\debug\stdafx.obj
d:\first\kp\mvs-2017\lplab16\debug\error.obj
d:\first\kp\mvs-2017\lplab16\debug\fst.obj
d:\first\kp\mvs-2017\lplab16\debug\generation.obj
d:\first\kp\mvs-2017\lplab16\debug\greibach.obj
d:\first\kp\mvs-2017\lplab16\debug\in.obj
d:\first\kp\mvs-2017\lplab16\debug\it.obj
d:\first\kp\mvs-2017\lplab16\debug\lexanalys.obj
d:\first\kp\mvs-2017\lplab16\debug\log.obj
d:\first\kp\mvs-2017\lplab16\debug\mvs-2017.obj
d:\first\kp\mvs-2017\lplab16\debug\lt.obj
d:\first\kp\mvs-2017\lplab16\debug\mfst.obj
d:\first\kp\mvs-2017\lplab16\debug\parm.obj
d:\first\kp\mvs-2017\lplab16\debug\pn.obj
d:\first\kp\mvs-2017\lplab16\debug\sa.obj
d:\first\kp\mvs-2017\debug\mvs-2017.ilk
d:\first\kp\mvs-2017\debug\mvs-2017.exe
d:\first\kp\mvs-2017\debug\mvs-2017.pdb
d:\first\kp\mvs-2017\lplab16\debug\mvs-2017.tlog\cl.command.1.tlog
d:\first\kp\mvs-2017\lplab16\debug\mvs-2017.tlog\cl.read.1.tlog
d:\first\kp\mvs-2017\lplab16\debug\mvs-2017.tlog\cl.write.1.tlog
d:\first\kp\mvs-2017\lplab16\debug\mvs-2017.tlog\link.command.1.tlog
d:\first\kp\mvs-2017\lplab16\debug\mvs-2017.tlog\link.read.1.tlog
d:\first\kp\mvs-2017\lplab16\debug\mvs-2017.tlog\link.write.1.tlog
